# JRE version: Java(TM) SE Runtime Environment (15.0.1+9) (build 15.0.1+9-18)
# Java VM: Java HotSpot(TM) 64-Bit Server VM (15.0.1+9-18, mixed mode, sharing, tiered, compressed oops, g1 gc, windows-amd64)
GC Precious Log:
 CPUs: 4 total, 4 available
 Memory: 16268M
 Large Page Support: Disabled
 NUMA Support: Disabled
 Compressed Oops: Enabled (Zero based)
 Heap Region Size: 2M
 Heap Min Capacity: 8M
 Heap Initial Capacity: 256M
 Heap Max Capacity: 4068M
 Pre-touch: Disabled
 Parallel Workers: 4
 Concurrent Workers: 1
 Concurrent Refinement Workers: 4
 Periodic GC: Disabled
Heap:
 garbage-first heap   total 98304K, used 33323K [0x0000000701c00000, 0x0000000800000000)
  region size 2048K, 3 young (6144K), 2 survivors (4096K)
 Metaspace       used 60152K, capacity 60838K, committed 61136K, reserved 1101824K
  class space    used 8019K, capacity 8215K, committed 8320K, reserved 1048576K
GC Heap History (20 events):
Event: 2.013 GC heap before
{Heap before GC invocations=6 (full 0):
 garbage-first heap   total 55296K, used 37232K [0x0000000701c00000, 0x0000000800000000)
  region size 2048K, 16 young (32768K), 4 survivors (8192K)
 Metaspace       used 24061K, capacity 24511K, committed 24624K, reserved 1071104K
  class space    used 3240K, capacity 3370K, committed 3456K, reserved 1048576K
}
Event: 2.020 GC heap after
{Heap after GC invocations=7 (full 0):
 garbage-first heap   total 159744K, used 15187K [0x0000000701c00000, 0x0000000800000000)
  region size 2048K, 2 young (4096K), 2 survivors (4096K)
 Metaspace       used 24061K, capacity 24511K, committed 24624K, reserved 1071104K
  class space    used 3240K, capacity 3370K, committed 3456K, reserved 1048576K
}
Event: 2.172 GC heap before
{Heap before GC invocations=7 (full 0):
 garbage-first heap   total 159744K, used 103251K [0x0000000701c00000, 0x0000000800000000)
  region size 2048K, 46 young (94208K), 2 survivors (4096K)
 Metaspace       used 25222K, capacity 25678K, committed 25776K, reserved 1071104K
  class space    used 3368K, capacity 3503K, committed 3584K, reserved 1048576K
}
Event: 2.174 GC heap after
{Heap after GC invocations=8 (full 0):
 garbage-first heap   total 159744K, used 15562K [0x0000000701c00000, 0x0000000800000000)
  region size 2048K, 2 young (4096K), 2 survivors (4096K)
 Metaspace       used 25222K, capacity 25678K, committed 25776K, reserved 1071104K
  class space    used 3368K, capacity 3503K, committed 3584K, reserved 1048576K
}
Event: 2.604 GC heap before
{Heap before GC invocations=8 (full 0):
 garbage-first heap   total 159744K, used 56522K [0x0000000701c00000, 0x0000000800000000)
  region size 2048K, 23 young (47104K), 2 survivors (4096K)
 Metaspace       used 35198K, capacity 35727K, committed 35888K, reserved 1081344K
  class space    used 4726K, capacity 4886K, committed 4992K, reserved 1048576K
}
Event: 2.608 GC heap after
{Heap after GC invocations=9 (full 0):
 garbage-first heap   total 159744K, used 18740K [0x0000000701c00000, 0x0000000800000000)
  region size 2048K, 4 young (8192K), 4 survivors (8192K)
 Metaspace       used 35198K, capacity 35727K, committed 35888K, reserved 1081344K
  class space    used 4726K, capacity 4886K, committed 4992K, reserved 1048576K
}
Event: 3.000 GC heap before
{Heap before GC invocations=10 (full 0):
 garbage-first heap   total 81920K, used 59700K [0x0000000701c00000, 0x0000000800000000)
  region size 2048K, 24 young (49152K), 4 survivors (8192K)
 Metaspace       used 42781K, capacity 43315K, committed 43568K, reserved 1087488K
  class space    used 5775K, capacity 5981K, committed 6016K, reserved 1048576K
}
Event: 3.006 GC heap after
{Heap after GC invocations=11 (full 0):
 garbage-first heap   total 81920K, used 21340K [0x0000000701c00000, 0x0000000800000000)
  region size 2048K, 2 young (4096K), 2 survivors (4096K)
 Metaspace       used 42781K, capacity 43315K, committed 43568K, reserved 1087488K
  class space    used 5775K, capacity 5981K, committed 6016K, reserved 1048576K
}
Event: 3.254 GC heap before
{Heap before GC invocations=11 (full 0):
 garbage-first heap   total 81920K, used 58204K [0x0000000701c00000, 0x0000000800000000)
  region size 2048K, 21 young (43008K), 2 survivors (4096K)
 Metaspace       used 46939K, capacity 47552K, committed 47792K, reserved 1091584K
  class space    used 6341K, capacity 6536K, committed 6656K, reserved 1048576K
}
Event: 3.258 GC heap after
{Heap after GC invocations=12 (full 0):
 garbage-first heap   total 81920K, used 24094K [0x0000000701c00000, 0x0000000800000000)
  region size 2048K, 3 young (6144K), 3 survivors (6144K)
 Metaspace       used 46939K, capacity 47552K, committed 47792K, reserved 1091584K
  class space    used 6341K, capacity 6536K, committed 6656K, reserved 1048576K
}
Event: 3.554 GC heap before
{Heap before GC invocations=12 (full 0):
 garbage-first heap   total 81920K, used 60958K [0x0000000701c00000, 0x0000000800000000)
  region size 2048K, 21 young (43008K), 3 survivors (6144K)
 Metaspace       used 49919K, capacity 50509K, committed 50736K, reserved 1093632K
  class space    used 6781K, capacity 6961K, committed 7040K, reserved 1048576K
}
Event: 3.560 GC heap after
{Heap after GC invocations=13 (full 0):
 garbage-first heap   total 98304K, used 26921K [0x0000000701c00000, 0x0000000800000000)
  region size 2048K, 2 young (4096K), 2 survivors (4096K)
 Metaspace       used 49919K, capacity 50509K, committed 50736K, reserved 1093632K
  class space    used 6781K, capacity 6961K, committed 7040K, reserved 1048576K
}
Event: 9.862 GC heap before
{Heap before GC invocations=13 (full 0):
 garbage-first heap   total 98304K, used 74025K [0x0000000701c00000, 0x0000000800000000)
  region size 2048K, 25 young (51200K), 2 survivors (4096K)
 Metaspace       used 55054K, capacity 55705K, committed 55728K, reserved 1097728K
  class space    used 7447K, capacity 7662K, committed 7680K, reserved 1048576K
}
Event: 9.871 GC heap after
{Heap after GC invocations=14 (full 0):
 garbage-first heap   total 98304K, used 30264K [0x0000000701c00000, 0x0000000800000000)
  region size 2048K, 4 young (8192K), 4 survivors (8192K)
 Metaspace       used 55054K, capacity 55705K, committed 55728K, reserved 1097728K
  class space    used 7447K, capacity 7662K, committed 7680K, reserved 1048576K
}
Event: 23.838 GC heap before
{Heap before GC invocations=14 (full 0):
 garbage-first heap   total 98304K, used 73272K [0x0000000701c00000, 0x0000000800000000)
  region size 2048K, 25 young (51200K), 4 survivors (8192K)
 Metaspace       used 59483K, capacity 60140K, committed 60240K, reserved 1101824K
  class space    used 7944K, capacity 8152K, committed 8192K, reserved 1048576K
}
Event: 23.844 GC heap after
{Heap after GC invocations=15 (full 0):
 garbage-first heap   total 98304K, used 33175K [0x0000000701c00000, 0x0000000800000000)
  region size 2048K, 4 young (8192K), 4 survivors (8192K)
 Metaspace       used 59483K, capacity 60140K, committed 60240K, reserved 1101824K
  class space    used 7944K, capacity 8152K, committed 8192K, reserved 1048576K
}
Event: 23.856 GC heap before
{Heap before GC invocations=15 (full 0):
 garbage-first heap   total 98304K, used 33175K [0x0000000701c00000, 0x0000000800000000)
  region size 2048K, 5 young (10240K), 4 survivors (8192K)
 Metaspace       used 59550K, capacity 60140K, committed 60240K, reserved 1101824K
  class space    used 7951K, capacity 8152K, committed 8192K, reserved 1048576K
}
Event: 23.860 GC heap after
{Heap after GC invocations=16 (full 0):
 garbage-first heap   total 98304K, used 33458K [0x0000000701c00000, 0x0000000800000000)
  region size 2048K, 2 young (4096K), 2 survivors (4096K)
 Metaspace       used 59550K, capacity 60140K, committed 60240K, reserved 1101824K
  class space    used 7951K, capacity 8152K, committed 8192K, reserved 1048576K
}
Event: 692.283 GC heap before
{Heap before GC invocations=17 (full 0):
 garbage-first heap   total 98304K, used 76466K [0x0000000701c00000, 0x0000000800000000)
  region size 2048K, 23 young (47104K), 2 survivors (4096K)
 Metaspace       used 60152K, capacity 60838K, committed 61136K, reserved 1101824K
  class space    used 8019K, capacity 8215K, committed 8320K, reserved 1048576K
}
Event: 692.285 GC heap after
{Heap after GC invocations=18 (full 0):
 garbage-first heap   total 98304K, used 33323K [0x0000000701c00000, 0x0000000800000000)
  region size 2048K, 2 young (4096K), 2 survivors (4096K)
 Metaspace       used 60152K, capacity 60838K, committed 61136K, reserved 1101824K
  class space    used 8019K, capacity 8215K, committed 8320K, reserved 1048576K
}

